+ cmake -S /Users/rick/Library/Mobile Documents/com~apple~CloudDocs/GIT/fastdis -B /private/tmp/fastdis_unreal/native -DFASTDIS_BUILD_SHARED=ON -DFASTDIS_BUILD_STATIC=OFF -DFASTDIS_BUILD_TESTS=OFF -DFASTDIS_BUILD_EXAMPLES=OFF -DFASTDIS_BUILD_BENCHMARKS=OFF -DCMAKE_BUILD_TYPE=Release -DCMAKE_OSX_ARCHITECTURES=arm64;x86_64 -DCMAKE_OSX_DEPLOYMENT_TARGET=14.0
-- Configuring done (0.1s)
-- Generating done (0.0s)
-- Build files have been written to: /private/tmp/fastdis_unreal/native
+ cmake --build /private/tmp/fastdis_unreal/native --config Release
[ 50%] Built target fastdis_objects
[100%] Built target fastdis_shared
Host project: /private/tmp/fastdis_unreal/FastDisHostProject/HostProject.uproject
+ /Users/Shared/Epic Games/UE_5.7/Engine/Build/BatchFiles/RunUAT.sh BuildPlugin -Plugin=/Users/rick/Library/Mobile Documents/com~apple~CloudDocs/GIT/fastdis/examples/unreal/FastDis/FastDis.uplugin -Package=/private/tmp/fastdis_unreal/FastDisPackage -TargetPlatforms=Mac

Running AutomationTool...

Setting up bundled DotNet SDK
/Users/Shared/Epic Games/UE_5.7/Engine/Binaries/ThirdParty/DotNet/8.0.412/mac-arm64
Start UAT Interactively: dotnet AutomationTool.dll BuildPlugin -Plugin=/Users/rick/Library/Mobile Documents/com~apple~CloudDocs/GIT/fastdis/examples/unreal/FastDis/FastDis.uplugin -Package=/private/tmp/fastdis_unreal/FastDisPackage -TargetPlatforms=Mac
/Users/Shared/Epic Games/UE_5.7/Engine/Binaries/ThirdParty/DotNet/8.0.412/mac-arm64/dotnet
Starting AutomationTool...
Parsing command line: BuildPlugin -Plugin="/Users/rick/Library/Mobile Documents/com~apple~CloudDocs/GIT/fastdis/examples/unreal/FastDis/FastDis.uplugin" -Package=/private/tmp/fastdis_unreal/FastDisPackage -TargetPlatforms=Mac
Initializing script modules...
Total script module initialization time: 0.44 s.
Using /Users/Shared/Epic Games/UE_5.7/Engine/Binaries/ThirdParty/DotNet/8.0.412/mac-arm64/dotnet
Executing commands...
Copying 21 file(s) using max 64 thread(s)
Reading plugin from /private/tmp/fastdis_unreal/FastDisPackage/HostProject/Plugins/FastDis/FastDis.uplugin...
Building plugin for host platforms: Mac
Running: /Users/Shared/Epic Games/UE_5.7/Engine/Binaries/ThirdParty/DotNet/8.0.412/mac-arm64/dotnet "/Users/Shared/Epic Games/UE_5.7/Engine/Binaries/DotNET/UnrealBuildTool/UnrealBuildTool.dll" UnrealEditor Mac Development -Project="/private/tmp/fastdis_unreal/FastDisPackage/HostProject/HostProject.uproject" -plugin="/private/tmp/fastdis_unreal/FastDisPackage/HostProject/Plugins/FastDis/FastDis.uplugin" -noubtmakefiles -manifest="/private/tmp/fastdis_unreal/FastDisPackage/HostProject/Saved/Manifest-UnrealEditor-Mac-Development.xml" -nohotreload -architecture=arm64+x64 -log="/tmp/fastdis_unreal/home/Library/Logs/Unreal Engine/LocalBuildLogs/UBA-UnrealEditor-Mac-Development.txt"
Log file: /tmp/fastdis_unreal/home/Library/Logs/Unreal Engine/LocalBuildLogs/UBA-UnrealEditor-Mac-Development.txt
Choosing MODERN XCODE based on .ini settings
UHT compiled-in object format Default
Parsing headers for UnrealEditor
  Running Internal UnrealHeaderTool /private/tmp/fastdis_unreal/FastDisPackage/HostProject/HostProject.uproject /private/tmp/fastdis_unreal/FastDisPackage/HostProject/Intermediate/Build/Mac/UnrealEditor/Development/UnrealEditor.uhtmanifest -WarningsAsErrors -installed
UHT processed UnrealEditor in 4.1835809 seconds (10 files written)
Compiling with Mac SDK 26.5, minimum Target OS version 14.00
Writing manifest to /private/tmp/fastdis_unreal/FastDisPackage/HostProject/Saved/Manifest-UnrealEditor-Mac-Development.xml
Building UnrealEditor...
[Adaptive Build] Excluded from FastDisUnreal unity file: FastDisReplayActor.cpp, FastDisModule.cpp, FastDisSampleTrafficComponent.cpp, FastDisWorldSubsystem.cpp
Determining max actions to execute in parallel (8 physical cores, 8 logical cores)
  Executing up to 8 processes, one per physical core
Using Unreal Build Accelerator local executor to run 24 action(s)
  Storage capacity 40Gb
---- Starting trace ----
UbaServer - Listening on 0.0.0.0:1345
[1/24] Compile [Intel] SharedPCH.Core.Cpp20.h
[2/24] Compile [Apple] SharedPCH.Core.Cpp20.h
[3/24] Compile [Intel] SharedPCH.CoreUObject.Cpp20.h
[4/24] Compile [Apple] SharedPCH.CoreUObject.Cpp20.h
[5/24] Compile [Apple] SharedPCH.Slate.Cpp20.h
[6/24] Compile [Intel] SharedPCH.Slate.Cpp20.h
[7/24] Compile [Intel] SharedPCH.Engine.Cpp20.h
[8/24] Compile [Apple] SharedPCH.Engine.Cpp20.h
[9/24] Compile [Intel] SharedPCH.UnrealEd.Cpp20.h
[10/24] Compile [Apple] SharedPCH.UnrealEd.Cpp20.h
[11/24] Compile [Intel] FastDisSampleTrafficComponent.cpp
[12/24] Compile [Intel] FastDisReplayActor.cpp
[13/24] Compile [Apple] Module.FastDisUnreal.cpp
[14/24] Compile [Apple] FastDisReplayActor.cpp
[15/24] Compile [Apple] FastDisSampleTrafficComponent.cpp
[16/24] Compile [Intel] FastDisModule.cpp
[17/24] Compile [Apple] FastDisWorldSubsystem.cpp
[18/24] Compile [Apple] FastDisModule.cpp
[19/24] Link [Apple] UnrealEditor-FastDisUnreal.dylib_arm64
[20/24] Compile [Intel] FastDisWorldSubsystem.cpp
[21/24] Compile [Intel] Module.FastDisUnreal.cpp
[22/24] Link [Intel] UnrealEditor-FastDisUnreal.dylib_x64
[23/24] Lipo UnrealEditor-FastDisUnreal.dylib
[24/24] WriteMetadata UnrealEditor.target [NoUba]

Trace written to file /tmp/fastdis_unreal/home/Library/Logs/Unreal Engine/LocalBuildLogs/UBA-UnrealEditor-Mac-Development.uba with size 8.2kb
Total time in Unreal Build Accelerator local executor: 50.84 seconds
Deploying UnrealEditor Mac Development...
Deploying now!

Result: Succeeded
Total execution time: 65.54 seconds
Took 65.73s to run dotnet, ExitCode=0
Building plugin for target platforms: Mac
Running: /Users/Shared/Epic Games/UE_5.7/Engine/Binaries/ThirdParty/DotNet/8.0.412/mac-arm64/dotnet "/Users/Shared/Epic Games/UE_5.7/Engine/Binaries/DotNET/UnrealBuildTool/UnrealBuildTool.dll" UnrealGame Mac Development -Project="/private/tmp/fastdis_unreal/FastDisPackage/HostProject/HostProject.uproject" -plugin="/private/tmp/fastdis_unreal/FastDisPackage/HostProject/Plugins/FastDis/FastDis.uplugin" -noubtmakefiles -manifest="/private/tmp/fastdis_unreal/FastDisPackage/HostProject/Saved/Manifest-UnrealGame-Mac-Development.xml" -nohotreload -architecture=arm64+x64 -log="/tmp/fastdis_unreal/home/Library/Logs/Unreal Engine/LocalBuildLogs/UBA-UnrealGame-Mac-Development.txt"
Log file: /tmp/fastdis_unreal/home/Library/Logs/Unreal Engine/LocalBuildLogs/UBA-UnrealGame-Mac-Development.txt
Choosing MODERN XCODE based on .ini settings
UHT compiled-in object format Default
Parsing headers for UnrealGame
  Running Internal UnrealHeaderTool /private/tmp/fastdis_unreal/FastDisPackage/HostProject/HostProject.uproject /private/tmp/fastdis_unreal/FastDisPackage/HostProject/Intermediate/Build/Mac/UnrealGame/Development/UnrealGame.uhtmanifest -WarningsAsErrors -installed
UHT processed UnrealGame in 2.2785664 seconds (10 files written)
Compiling with Mac SDK 26.5, minimum Target OS version 14.00
Writing manifest to /private/tmp/fastdis_unreal/FastDisPackage/HostProject/Saved/Manifest-UnrealGame-Mac-Development.xml
Building UnrealGame...
[Adaptive Build] Excluded from FastDisUnreal unity file: FastDisReplayActor.cpp, FastDisModule.cpp, FastDisSampleTrafficComponent.cpp, FastDisWorldSubsystem.cpp
Determining max actions to execute in parallel (8 physical cores, 8 logical cores)
  Executing up to 8 processes, one per physical core
Using Unreal Build Accelerator local executor to run 10 action(s)
  Storage capacity 40Gb
---- Starting trace ----
UbaServer - Listening on 0.0.0.0:1345
[1/10] Compile [Intel] FastDisSampleTrafficComponent.cpp
[2/10] Compile [Intel] FastDisReplayActor.cpp
[3/10] Compile [Apple] Module.FastDisUnreal.cpp
[4/10] Compile [Intel] FastDisModule.cpp
[5/10] Compile [Apple] FastDisReplayActor.cpp
[6/10] Compile [Apple] FastDisModule.cpp
[7/10] Compile [Apple] FastDisSampleTrafficComponent.cpp
[8/10] Compile [Apple] FastDisWorldSubsystem.cpp
[9/10] Compile [Intel] Module.FastDisUnreal.cpp
[10/10] Compile [Intel] FastDisWorldSubsystem.cpp

Trace written to file /tmp/fastdis_unreal/home/Library/Logs/Unreal Engine/LocalBuildLogs/UBA-UnrealGame-Mac-Development.uba with size 3.9kb
Total time in Unreal Build Accelerator local executor: 14.89 seconds

Result: Succeeded
Total execution time: 20.20 seconds
Took 20.31s to run dotnet, ExitCode=0
Running: /Users/Shared/Epic Games/UE_5.7/Engine/Binaries/ThirdParty/DotNet/8.0.412/mac-arm64/dotnet "/Users/Shared/Epic Games/UE_5.7/Engine/Binaries/DotNET/UnrealBuildTool/UnrealBuildTool.dll" UnrealGame Mac Shipping -Project="/private/tmp/fastdis_unreal/FastDisPackage/HostProject/HostProject.uproject" -plugin="/private/tmp/fastdis_unreal/FastDisPackage/HostProject/Plugins/FastDis/FastDis.uplugin" -noubtmakefiles -manifest="/private/tmp/fastdis_unreal/FastDisPackage/HostProject/Saved/Manifest-UnrealGame-Mac-Shipping.xml" -nohotreload -architecture=arm64+x64 -log="/tmp/fastdis_unreal/home/Library/Logs/Unreal Engine/LocalBuildLogs/UBA-UnrealGame-Mac-Shipping.txt"
Log file: /tmp/fastdis_unreal/home/Library/Logs/Unreal Engine/LocalBuildLogs/UBA-UnrealGame-Mac-Shipping.txt
Choosing MODERN XCODE based on .ini settings
UHT compiled-in object format Default
Parsing headers for UnrealGame
  Running Internal UnrealHeaderTool /private/tmp/fastdis_unreal/FastDisPackage/HostProject/HostProject.uproject /private/tmp/fastdis_unreal/FastDisPackage/HostProject/Intermediate/Build/Mac/UnrealGame/Shipping/UnrealGame.uhtmanifest -WarningsAsErrors -installed
UHT processed UnrealGame in 2.0727799 seconds (0 files written)
Compiling with Mac SDK 26.5, minimum Target OS version 14.00
Writing manifest to /private/tmp/fastdis_unreal/FastDisPackage/HostProject/Saved/Manifest-UnrealGame-Mac-Shipping.xml
Building UnrealGame...
[Adaptive Build] Excluded from FastDisUnreal unity file: FastDisReplayActor.cpp, FastDisModule.cpp, FastDisSampleTrafficComponent.cpp, FastDisWorldSubsystem.cpp
Determining max actions to execute in parallel (8 physical cores, 8 logical cores)
  Executing up to 8 processes, one per physical core
Using Unreal Build Accelerator local executor to run 10 action(s)
  Storage capacity 40Gb
---- Starting trace ----
UbaServer - Listening on 0.0.0.0:1345
[1/10] Compile [Apple] Module.FastDisUnreal.cpp
[2/10] Compile [Intel] FastDisModule.cpp
[3/10] Compile [Intel] FastDisReplayActor.cpp
[4/10] Compile [Apple] FastDisModule.cpp
[5/10] Compile [Apple] FastDisSampleTrafficComponent.cpp
[6/10] Compile [Apple] FastDisWorldSubsystem.cpp
[7/10] Compile [Apple] FastDisReplayActor.cpp
[8/10] Compile [Intel] FastDisSampleTrafficComponent.cpp
[9/10] Compile [Intel] FastDisWorldSubsystem.cpp
[10/10] Compile [Intel] Module.FastDisUnreal.cpp

Trace written to file /tmp/fastdis_unreal/home/Library/Logs/Unreal Engine/LocalBuildLogs/UBA-UnrealGame-Mac-Shipping.uba with size 3.8kb
Total time in Unreal Build Accelerator local executor: 13.48 seconds

Result: Succeeded
Total execution time: 18.22 seconds
Took 18.32s to run dotnet, ExitCode=0
Reading filter rules from /private/tmp/fastdis_unreal/FastDisPackage/HostProject/Plugins/FastDis/Config/FilterPlugin.ini
Loading FilterPluginMac.ini
BUILD SUCCESSFUL
AutomationTool executed for 0h 1m 45s
AutomationTool exiting with ExitCode=0 (Success)
Verified packaged plugin payload for Mac: /private/tmp/fastdis_unreal/FastDisPackage
Packaged plugin: /private/tmp/fastdis_unreal/FastDisPackage
