+ cmake -S /Users/rick/Library/Mobile Documents/com~apple~CloudDocs/GIT/fastdis -B /private/tmp/fastdis_unreal/native -DFASTDIS_BUILD_SHARED=ON -DFASTDIS_BUILD_STATIC=OFF -DFASTDIS_BUILD_TESTS=OFF -DFASTDIS_BUILD_EXAMPLES=OFF -DFASTDIS_BUILD_BENCHMARKS=OFF -DCMAKE_BUILD_TYPE=Release -DCMAKE_OSX_ARCHITECTURES=arm64;x86_64 -DCMAKE_OSX_DEPLOYMENT_TARGET=14.0
-- Configuring done (0.1s)
-- Generating done (0.0s)
-- Build files have been written to: /private/tmp/fastdis_unreal/native
+ cmake --build /private/tmp/fastdis_unreal/native --config Release
[ 50%] Built target fastdis_objects
[100%] Built target fastdis_shared
Host project: /private/tmp/fastdis_unreal/FastDisHostProject/HostProject.uproject
+ /Users/Shared/Epic Games/UE_5.8/Engine/Build/BatchFiles/RunUAT.sh BuildPlugin -Plugin=/Users/rick/Library/Mobile Documents/com~apple~CloudDocs/GIT/fastdis/examples/unreal/FastDis/FastDis.uplugin -Package=/private/tmp/fastdis_unreal/FastDisPackage -TargetPlatforms=Mac

Running AutomationTool...

Setting up bundled DotNet SDK
/Users/Shared/Epic Games/UE_5.8/Engine/Binaries/ThirdParty/DotNet/10.0/mac-arm64
Start UAT Interactively: dotnet AutomationTool.dll BuildPlugin -Plugin=/Users/rick/Library/Mobile Documents/com~apple~CloudDocs/GIT/fastdis/examples/unreal/FastDis/FastDis.uplugin -Package=/private/tmp/fastdis_unreal/FastDisPackage -TargetPlatforms=Mac
/Users/Shared/Epic Games/UE_5.8/Engine/Binaries/ThirdParty/DotNet/10.0/mac-arm64/dotnet
Starting AutomationTool...
Parsing command line: BuildPlugin -Plugin="/Users/rick/Library/Mobile Documents/com~apple~CloudDocs/GIT/fastdis/examples/unreal/FastDis/FastDis.uplugin" -Package=/private/tmp/fastdis_unreal/FastDisPackage -TargetPlatforms=Mac
Initializing script modules...
Total script module initialization time: 0.50 s.
Using /Users/Shared/Epic Games/UE_5.8/Engine/Binaries/ThirdParty/DotNet/10.0/mac-arm64/dotnet
Executing commands...
Copying 21 file(s) using max 64 thread(s)
Reading plugin from /private/tmp/fastdis_unreal/FastDisPackage/HostProject/Plugins/FastDis/FastDis.uplugin...
Building plugin for host platforms: Mac
Running: /Users/Shared/Epic Games/UE_5.8/Engine/Binaries/ThirdParty/DotNet/10.0/mac-arm64/dotnet "/Users/Shared/Epic Games/UE_5.8/Engine/Binaries/DotNET/UnrealBuildTool/UnrealBuildTool.dll" UnrealEditor Mac Development -Project="/private/tmp/fastdis_unreal/FastDisPackage/HostProject/HostProject.uproject" -plugin="/private/tmp/fastdis_unreal/FastDisPackage/HostProject/Plugins/FastDis/FastDis.uplugin" -noubtmakefiles -manifest="/private/tmp/fastdis_unreal/FastDisPackage/HostProject/Saved/Manifest-UnrealEditor-Mac-Development.xml" -nohotreload -architecture=arm64+x64 -log="/tmp/fastdis_unreal/home/Library/Logs/Unreal Engine/LocalBuildLogs/UBA-UnrealEditor-Mac-Development.txt"
Log file: /tmp/fastdis_unreal/home/Library/Logs/Unreal Engine/LocalBuildLogs/UBA-UnrealEditor-Mac-Development.txt
Determining max actions to execute in parallel (8 physical cores, 8 logical cores)
  Executing up to 8 processes, one per physical core
UbaServer - Listening on 0.0.0.0:1345
Creating makefile for UnrealEditor (no existing makefile)
Compiling with Mac SDK 26.5, minimum Target OS version 14.00
UHT compiled-in object format Default
Writing manifest to /private/tmp/fastdis_unreal/FastDisPackage/HostProject/Saved/Manifest-UnrealEditor-Mac-Development.xml
UHT processed UnrealEditor in 6.9998991 seconds (10 generated files written)
Building UnrealEditor...
===== Toolchain Information =====
Using Clang compiler 21.1.6 (/Applications/Xcode.app/Contents/Developer/Toolchains/XcodeDefault.xctoolchain/usr/bin/clang++)
  Apple clang version 21.0.0 (clang-2100.1.1.101) Target: arm64-apple-darwin25.5.0 Thread model: posix InstalledDir: /Applications/Xcode.app/Contents/Developer/Toolchains/XcodeDefault.xctoolchain/usr/bin
Using Clang archiver (/Applications/Xcode.app/Contents/Developer/Toolchains/XcodeDefault.xctoolchain/usr/bin/libtool)
  Apple clang version 21.0.0 (clang-2100.1.1.101) Target: arm64-apple-darwin25.5.0 Thread model: posix InstalledDir: /Applications/Xcode.app/Contents/Developer/Toolchains/XcodeDefault.xctoolchain/usr/bin
[Adaptive Build] Excluded from FastDisUnreal unity file: FastDisReplayActor.cpp, FastDisModule.cpp, FastDisSampleTrafficComponent.cpp, FastDisWorldSubsystem.cpp
=================================
Using Unreal Build Accelerator local executor to run 16 action(s)
  CPU 8 physical cores, 8 logical cores
  Memory 16 GB physical, 12.65 GB/16 GB committed
  UBA Storage capacity 40 GB
[1/16] Compile [Apple] SharedPCH.UnrealEd.Cpp20.h
[2/16] Compile [Intel] SharedPCH.UnrealEd.Cpp20.h
[3/16] Compile [Intel] FastDisModule.cpp
[4/16] Compile [Intel] FastDisSampleTrafficComponent.cpp
[5/16] Compile [Intel] FastDisReplayActor.cpp
[6/16] Compile [Apple] Module.FastDisUnreal.cpp
[7/16] Compile [Apple] FastDisReplayActor.cpp
[8/16] Compile [Apple] FastDisModule.cpp
[9/16] Compile [Apple] FastDisWorldSubsystem.cpp
[10/16] Compile [Apple] FastDisSampleTrafficComponent.cpp
[11/16] Link [Apple] libUnrealEditor-FastDisUnreal.dylib_arm64
[12/16] Compile [Intel] Module.FastDisUnreal.cpp
[13/16] Compile [Intel] FastDisWorldSubsystem.cpp
[14/16] Link [Intel] libUnrealEditor-FastDisUnreal.dylib_x64
[15/16] Lipo libUnrealEditor-FastDisUnreal.dylib
[16/16] WriteMetadata UnrealEditor.target [NoUba]

Total time in Unreal Build Accelerator local executor: 42.05 seconds
Output binary: /Users/Shared/Epic Games/UE_5.8/Engine/Binaries/Mac/UnrealEditor
Deploying UnrealEditor Mac Development...
Deploying now!

Result: Succeeded
Total execution time: 57.98 seconds
Trace written to file /tmp/fastdis_unreal/home/Library/Application Support/Epic/UnrealBuildTool/Trace.uba with size 9.2kb
Took 58.21s to run dotnet, ExitCode=0
Building plugin for target platforms: Mac
Running: /Users/Shared/Epic Games/UE_5.8/Engine/Binaries/ThirdParty/DotNet/10.0/mac-arm64/dotnet "/Users/Shared/Epic Games/UE_5.8/Engine/Binaries/DotNET/UnrealBuildTool/UnrealBuildTool.dll" UnrealGame Mac Development -Project="/private/tmp/fastdis_unreal/FastDisPackage/HostProject/HostProject.uproject" -plugin="/private/tmp/fastdis_unreal/FastDisPackage/HostProject/Plugins/FastDis/FastDis.uplugin" -noubtmakefiles -manifest="/private/tmp/fastdis_unreal/FastDisPackage/HostProject/Saved/Manifest-UnrealGame-Mac-Development.xml" -nohotreload -architecture=arm64+x64 -log="/tmp/fastdis_unreal/home/Library/Logs/Unreal Engine/LocalBuildLogs/UBA-UnrealGame-Mac-Development.txt"
Log file: /tmp/fastdis_unreal/home/Library/Logs/Unreal Engine/LocalBuildLogs/UBA-UnrealGame-Mac-Development.txt
Determining max actions to execute in parallel (8 physical cores, 8 logical cores)
  Executing up to 8 processes, one per physical core
UbaServer - Listening on 0.0.0.0:1345
Creating makefile for UnrealGame (no existing makefile)
/Users/Shared/Epic Games/UE_5.8/Engine/Source/ThirdParty/Apple/MetalShaderConverter/MetalShaderConverter.build.cs: warning: Referenced directory '/Users/Shared/Epic Games/UE_5.8/Engine/Source/ThirdParty/Apple/MetalShaderConverter/include/metal_irconverter_ext' does not exist.
UHT compiled-in object format Default
Compiling with Mac SDK 26.5, minimum Target OS version 14.00
Writing manifest to /private/tmp/fastdis_unreal/FastDisPackage/HostProject/Saved/Manifest-UnrealGame-Mac-Development.xml
Building UnrealGame...
===== Toolchain Information =====
Using Clang compiler 21.1.6 (/Applications/Xcode.app/Contents/Developer/Toolchains/XcodeDefault.xctoolchain/usr/bin/clang++)
  Apple clang version 21.0.0 (clang-2100.1.1.101) Target: arm64-apple-darwin25.5.0 Thread model: posix InstalledDir: /Applications/Xcode.app/Contents/Developer/Toolchains/XcodeDefault.xctoolchain/usr/bin
Using Clang archiver (/Applications/Xcode.app/Contents/Developer/Toolchains/XcodeDefault.xctoolchain/usr/bin/libtool)
  Apple clang version 21.0.0 (clang-2100.1.1.101) Target: arm64-apple-darwin25.5.0 Thread model: posix InstalledDir: /Applications/Xcode.app/Contents/Developer/Toolchains/XcodeDefault.xctoolchain/usr/bin
[Adaptive Build] Excluded from FastDisUnreal unity file: FastDisReplayActor.cpp, FastDisModule.cpp, FastDisSampleTrafficComponent.cpp, FastDisWorldSubsystem.cpp
=================================
Using Unreal Build Accelerator local executor to run 10 action(s)
  CPU 8 physical cores, 8 logical cores
  Memory 16 GB physical, 10.53 GB/16 GB committed
  UBA Storage capacity 40 GB
[1/10] Compile [Intel] FastDisSampleTrafficComponent.cpp
[2/10] Compile [Apple] FastDisReplayActor.cpp
[3/10] Compile [Intel] FastDisModule.cpp
[4/10] Compile [Apple] FastDisWorldSubsystem.cpp
[5/10] Compile [Apple] FastDisSampleTrafficComponent.cpp
[6/10] Compile [Apple] Module.FastDisUnreal.cpp
[7/10] Compile [Intel] FastDisReplayActor.cpp
[8/10] Compile [Apple] FastDisModule.cpp
[9/10] Compile [Intel] Module.FastDisUnreal.cpp
[10/10] Compile [Intel] FastDisWorldSubsystem.cpp

Total time in Unreal Build Accelerator local executor: 10.76 seconds
Output binary: /Users/Shared/Epic Games/UE_5.8/Engine/Binaries/Mac/UnrealGame

Result: Succeeded
Total execution time: 17.27 seconds
Trace written to file /tmp/fastdis_unreal/home/Library/Application Support/Epic/UnrealBuildTool/Trace.uba with size 6.0kb
Took 17.42s to run dotnet, ExitCode=0
Running: /Users/Shared/Epic Games/UE_5.8/Engine/Binaries/ThirdParty/DotNet/10.0/mac-arm64/dotnet "/Users/Shared/Epic Games/UE_5.8/Engine/Binaries/DotNET/UnrealBuildTool/UnrealBuildTool.dll" UnrealGame Mac Shipping -Project="/private/tmp/fastdis_unreal/FastDisPackage/HostProject/HostProject.uproject" -plugin="/private/tmp/fastdis_unreal/FastDisPackage/HostProject/Plugins/FastDis/FastDis.uplugin" -noubtmakefiles -manifest="/private/tmp/fastdis_unreal/FastDisPackage/HostProject/Saved/Manifest-UnrealGame-Mac-Shipping.xml" -nohotreload -architecture=arm64+x64 -log="/tmp/fastdis_unreal/home/Library/Logs/Unreal Engine/LocalBuildLogs/UBA-UnrealGame-Mac-Shipping.txt"
Log file: /tmp/fastdis_unreal/home/Library/Logs/Unreal Engine/LocalBuildLogs/UBA-UnrealGame-Mac-Shipping.txt
Determining max actions to execute in parallel (8 physical cores, 8 logical cores)
  Executing up to 8 processes, one per physical core
UbaServer - Listening on 0.0.0.0:1345
Creating makefile for UnrealGame (no existing makefile)
/Users/Shared/Epic Games/UE_5.8/Engine/Source/ThirdParty/Apple/MetalShaderConverter/MetalShaderConverter.build.cs: warning: Referenced directory '/Users/Shared/Epic Games/UE_5.8/Engine/Source/ThirdParty/Apple/MetalShaderConverter/include/metal_irconverter_ext' does not exist.
Compiling with Mac SDK 26.5, minimum Target OS version 14.00
Writing manifest to /private/tmp/fastdis_unreal/FastDisPackage/HostProject/Saved/Manifest-UnrealGame-Mac-Shipping.xml
Building UnrealGame...
===== Toolchain Information =====
Using Clang compiler 21.1.6 (/Applications/Xcode.app/Contents/Developer/Toolchains/XcodeDefault.xctoolchain/usr/bin/clang++)
  Apple clang version 21.0.0 (clang-2100.1.1.101) Target: arm64-apple-darwin25.5.0 Thread model: posix InstalledDir: /Applications/Xcode.app/Contents/Developer/Toolchains/XcodeDefault.xctoolchain/usr/bin
Using Clang archiver (/Applications/Xcode.app/Contents/Developer/Toolchains/XcodeDefault.xctoolchain/usr/bin/libtool)
  Apple clang version 21.0.0 (clang-2100.1.1.101) Target: arm64-apple-darwin25.5.0 Thread model: posix InstalledDir: /Applications/Xcode.app/Contents/Developer/Toolchains/XcodeDefault.xctoolchain/usr/bin
[Adaptive Build] Excluded from FastDisUnreal unity file: FastDisReplayActor.cpp, FastDisModule.cpp, FastDisSampleTrafficComponent.cpp, FastDisWorldSubsystem.cpp
=================================
Using Unreal Build Accelerator local executor to run 10 action(s)
  CPU 8 physical cores, 8 logical cores
  Memory 16 GB physical, 10.24 GB/16 GB committed
  UBA Storage capacity 40 GB
[1/10] Compile [Intel] FastDisReplayActor.cpp
[2/10] Compile [Intel] FastDisSampleTrafficComponent.cpp
[3/10] Compile [Intel] FastDisModule.cpp
[4/10] Compile [Apple] FastDisWorldSubsystem.cpp
[5/10] Compile [Apple] Module.FastDisUnreal.cpp
[6/10] Compile [Apple] FastDisSampleTrafficComponent.cpp
[7/10] Compile [Apple] FastDisReplayActor.cpp
[8/10] Compile [Apple] FastDisModule.cpp
[9/10] Compile [Intel] Module.FastDisUnreal.cpp
[10/10] Compile [Intel] FastDisWorldSubsystem.cpp

Total time in Unreal Build Accelerator local executor: 9.57 seconds
Output binary: /Users/Shared/Epic Games/UE_5.8/Engine/Binaries/Mac/UnrealGame-Mac-Shipping

Result: Succeeded
Total execution time: 12.04 seconds
Trace written to file /tmp/fastdis_unreal/home/Library/Application Support/Epic/UnrealBuildTool/Trace.uba with size 5.7kb
Took 12.17s to run dotnet, ExitCode=0
Reading filter rules from /private/tmp/fastdis_unreal/FastDisPackage/HostProject/Plugins/FastDis/Config/FilterPlugin.ini
Loading FilterPluginMac.ini
BUILD SUCCESSFUL
AutomationTool executed for 0h 1m 28s
AutomationTool exiting with ExitCode=0 (Success)
Verified packaged plugin payload for Mac: /private/tmp/fastdis_unreal/FastDisPackage
Packaged plugin: /private/tmp/fastdis_unreal/FastDisPackage
